1
2
1 2
3
4
3 4
5
6
5 6
7
8
7 8
9
10
9 10
11
12
11 12
13
14
13 14
15
16
15 16
17
18
17 18
19
20
19 20
21
22
21 22
23
24
23 24
25
25 1
26
27
26 27
28
29
28 29
30
31
30 31
32
33
32 33
34
35
34 35
33 9
36
33 36
37
38
37 38
39
40
39 40
41
42
41 42
43
44
43 44
45
45 28
46
47
46 47
48
49
48 49
50
51
50 51
52
52 25
53
54
53 54
55
3 55
56
53 56
57
54 57
58
56 58
59
60
59 60
7 15
61
62
61 62
63
64
63 64
65
32 65
66
66 60
51 36
67
51 67
28 45
22 2
68
69
68 69
4 66
70
7 70
71
58 71
47 46
72
73
72 73
74
75
74 75
36 20
76
77
76 77
41 55
78
79
78 79
80
80 20
81
76 81
64 63
68 51
82
82 7
60 59
47 81
83
83 36
84
84 59
56 54
85
85 12
10 15
86
87
86 87
88
89
88 89
90
67 90
91
78 91
21 86
92
93
92 93
71 7
94
36 94
95
10 95
65 9
96
96 76
97
98
97 98
99
100
99 100
101
8 101
102
24 102
103
103 6
104
105
104 105
106
72 106
107
107 59
108
109
108 109
10 30
110
111
110 111
16 83
105 24
112
112 91
68 71
113
17 113
114
114 95
56 29
115
116
115 116
117
117 92
70 4
118
118 103
119
119 8
24 93
120
16 120
113 59
14 118
121
121 71
120 7
122
36 122
99 46
24 109
28 122
88 112
123
9 123
124
34 124
95 41
93 105
20 15
125
84 125
126
29 126
127
58 127
128
128 93
129
130
129 130
131
131 48
132
133
132 133
22 79
88 108
5 31
105 16
134
115 134
135
28 135
136
8 136
137
71 137
52 122
54 78
104 122
92 88
115 7
19 41
51 68
138
138 41
139
12 139
140
38 140
135 95
141
141 33
115 50
142
143
142 143
144
139 144
43 91
145
88 145
73 72
146
32 146
119 58
147
91 147
55 54
148
115 148
145 68
149
149 71
30 41
150
151
150 151
4 59
48 64
93 120
15 121
27 68
152
92 152
153
153 136
55 65
17 39
122 52
43 67
8 50
154
59 154
50 83
23 50
155
8 155
37 110
103 140
156
101 156
89 70
157
157 99
7 101
158
159
158 159
160
160 47
93 36
136 118
161
161 2
162
163
162 163
164
165
164 165
166
166 157
24 112
10 55
167
119 167
91 54
86 31
168
77 168
169
169 168
170
16 170
139 21
67 152
7 126
171
130 171
150 10
4 68
131 42
172
172 34
112 8
45 43
72 79
173
96 173
122 29
57 88
92 95
174
25 174
175
175 64
41 2
176
15 176
68 70
44 43
177
177 81
8 30
82 113
15 1
41 141
36 82
155 105
45 102
36 123
24 115
7 95
116 92
27 53
110 118
178
178 34
120 29
157 160
136 14
28 15
16 41
93 95
156 83
84 53
140 38
76 168
88 113
179
179 76
105 68
180
29 180
47 76
108 20
16 12
32 68
180 51
181
181 123
182
183
182 183
95 44
39 87
93 24
184
185
184 185
30 141
186
185 186
109 115
45 36
40 39
166 81
8 56
187
187 71
13 153
87 156
72 88
28 88
166 47
71 53
125 14
120 135
29 71
123 83
92 102
120 180
183 38
3 122
188
85 188
139 41
149 70
189
83 189
115 18
93 123
190
191
190 191
192
192 97
103 86
20 32
193
194
193 194
32 41
81 179
195
196
195 196
29 122
156 87
36 28
3 89
197
35 197
198
136 198
199
199 86
22 6
31 63
24 67
121 170
5 49
153 91
8 29
200
200 59
55 122
55 27
201
201 188
21 1
77 75
41 19
2 145
101 36
202
202 4
203
204
203 204
205
205 20
28 55
206
152 206
139 14
70 33
27 19
123 93
33 87
207
207 124
70 55
41 155
36 57
105 126
69 120
72 142
94 63
208
208 84
36 27
70 41
199 180
22 8
5 111
91 141
7 29
29 23
118 71
109 180
91 70
23 95
124 35
148 67
64 106
38 6
108 57
174 127
30 11
36 16
91 69
24 87
41 39
36 22
87 139
111 153
26 122
209
210
209 210
197 34
18 115
5 198
211
209 211
93 128
136 49
67 188
65 70
49 182
129 64
142 203
200 87
30 53
212
157 212
213
197 213
28 95
49 103
183 42
21 8
58 84
214
36 214
215
216
215 216
63 152
32 3
95 180
31 37
120 148
36 113
92 28
217
218
217 218
219
219 30
220
220 60
88 10
91 67
221
41 221
222
222 58
70 193
75 210
161 10
7 16
87 26
223
166 223
224
225
224 225
194 193
126 155
136 87
32 70
80 91
123 9
226
227
226 227
28 126
88 106
228
229
228 229
125 60
166 96
230
231
230 231
168 169
44 28
121 20
136 37
106 6
232
44 232
85 51
17 155
30 65
113 205
36 44
15 18
52 139
233
234
233 234
205 88
50 149
179 168
67 9
21 141
71 2
109 68
10 91
235
235 51
121 31
50 2
55 208
33 32
203 64
5 38
43 149
122 3
236
236 93
122 104
4 92
220 84
237
76 237
123 20
238
238 14
14 66
125 84
205 84
43 36
239
91 239
71 187
240
240 226
131 136
41 67
91 2
241
241 176
139 22
3 123
54 7
67 3
38 182
9 33
79 171
183 49
149 120
208 113
111 140
186 185
151 21
57 36
42 48
44 2
242
207 242
147 91
28 30
54 58
16 180
92 87
243
197 243
104 148
85 59
244
245
244 245
246
247
246 247
71 34
105 21
238 94
6 153
3 55 122 
4 68 70 
5 6 38 
7 8 29 
7 8 101 
7 15 16 
7 16 120 
7 29 71 
7 29 120 
7 29 126 
8 21 22 
8 29 56 
14 118 136 
15 20 121 
16 36 83 
16 120 180 
20 36 123 
21 22 139 
24 93 105 
24 109 115 
28 29 122 
28 29 126 
28 36 44 
28 36 45 
28 36 122 
28 44 95 
28 55 122 
28 88 92 
28 92 95 
28 95 135 
29 120 180 
30 41 141 
32 33 70 
32 41 70 
32 65 70 
32 68 70 
34 35 124 
34 35 197 
36 43 44 
36 43 45 
36 82 113 
36 83 123 
36 93 123 
38 182 183 
41 55 70 
42 48 131 
43 67 91 
47 76 81 
47 81 166 
49 182 183 
53 54 56 
54 56 58 
54 78 91 
55 65 70 
57 88 108 
72 88 106 
76 77 168 
76 81 179 
76 168 179 
88 113 205 
92 93 95 
105 126 155 
