0 1 
0 2 
0 3 
0 4 
0 5 
1 2 
1 3 
1 4 
1 5 
2 3 
2 4 
2 5 
3 4 
3 5 
4 5 
6 7 
6 8 
6 9 
6 10 
7 8 
7 9 
7 10 
8 9 
8 10 
9 10 
0 1 2 
0 1 3 
0 1 4 
0 1 5 
0 2 3 
0 2 4 
0 2 5 
0 3 4 
0 3 5 
0 4 5 
1 2 3 
1 2 4 
1 2 5 
1 3 4 
1 3 5 
1 4 5 
2 3 4 
2 3 5 
2 4 5 
3 4 5 
6 7 8 
6 7 9 
6 7 10 
6 8 9 
6 8 10 
6 9 10 
7 8 9 
7 8 10 
7 9 10 
8 9 10 
0 1 2 3 
0 1 2 4 
0 1 2 5 
0 1 3 4 
0 1 3 5 
0 1 4 5 
0 2 3 4 
0 2 3 5 
0 2 4 5 
0 3 4 5 
1 2 3 4 
1 2 3 5 
1 2 4 5 
1 3 4 5 
2 3 4 5 
6 7 8 9 
6 7 8 10 
6 7 9 10 
6 8 9 10 
7 8 9 10 
0 1 2 3 4 
0 1 2 3 5 
0 1 2 4 5 
0 1 3 4 5 
0 2 3 4 5 
1 2 3 4 5 
6 7 8 9 10 
0 1 2 3 4 5 
