1 2 22 
1 2 41 
1 2 44 
1 2 50 
1 2 71 
1 2 91 
1 2 121 
1 2 139 
1 2 141 
1 2 145 
1 2 161 
1 15 16 
1 15 18 
1 15 20 
1 15 28 
1 15 41 
1 15 44 
1 15 105 
1 15 121 
1 15 176 
1 16 41 
1 16 44 
1 16 105 
1 16 139 
1 16 141 
1 20 41 
1 20 44 
1 20 91 
1 20 121 
1 21 22 
1 21 86 
1 21 105 
1 21 139 
1 21 141 
1 21 151 
1 22 44 
1 22 139 
1 25 52 
1 25 139 
1 25 174 
1 28 41 
1 28 44 
1 28 71 
1 28 141 
1 28 145 
1 41 91 
1 41 139 
1 41 141 
1 52 139 
1 71 121 
1 86 139 
1 91 141 
2 22 36 
2 22 44 
2 22 51 
2 22 79 
2 22 83 
2 22 139 
2 36 44 
2 36 51 
2 36 67 
2 36 83 
2 36 91 
2 36 95 
2 36 149 
2 36 232 
2 41 42 
2 41 55 
2 41 67 
2 41 70 
2 41 91 
2 41 95 
2 41 138 
2 41 139 
2 41 141 
2 41 149 
2 41 155 
2 41 221 
2 44 95 
2 44 232 
2 50 51 
2 50 67 
2 50 83 
2 50 115 
2 50 149 
2 51 67 
2 51 70 
2 51 71 
2 51 91 
2 51 145 
2 55 70 
2 55 91 
2 55 149 
2 67 91 
2 67 112 
2 67 141 
2 67 147 
2 67 153 
2 67 239 
2 70 91 
2 70 112 
2 70 141 
2 70 147 
2 70 149 
2 70 153 
2 70 239 
2 71 118 
2 71 121 
2 71 137 
2 71 149 
2 71 187 
2 91 112 
2 91 141 
2 91 147 
2 91 153 
2 91 239 
2 118 153 
3 4 59 
3 4 66 
3 4 68 
3 4 70 
3 4 89 
3 4 91 
3 4 92 
3 4 152 
3 4 202 
3 32 33 
3 32 41 
3 32 55 
3 32 65 
3 32 67 
3 32 68 
3 32 70 
3 32 89 
3 32 91 
3 32 146 
3 33 70 
3 33 89 
3 33 91 
3 33 92 
3 33 122 
3 33 123 
3 41 55 
3 41 65 
3 41 67 
3 41 70 
3 41 89 
3 41 90 
3 41 91 
3 41 122 
3 41 148 
3 41 152 
3 41 188 
3 41 208 
3 55 65 
3 55 70 
3 55 89 
3 55 91 
3 55 122 
3 55 208 
3 59 66 
3 59 188 
3 59 208 
3 65 70 
3 65 89 
3 65 91 
3 67 90 
3 67 91 
3 67 148 
3 67 152 
3 67 188 
3 68 70 
3 68 89 
3 68 91 
3 70 89 
3 70 91 
3 92 123 
3 92 152 
3 123 181 
4 59 60 
4 59 66 
4 59 84 
4 59 85 
4 59 107 
4 59 113 
4 59 154 
4 59 200 
4 60 66 
4 68 69 
4 68 70 
4 68 71 
4 68 89 
4 68 91 
4 68 105 
4 68 109 
4 68 145 
4 68 149 
4 68 193 
4 69 91 
4 69 149 
4 70 89 
4 70 91 
4 70 149 
4 70 193 
4 71 149 
4 92 93 
4 92 95 
4 92 102 
4 92 105 
4 92 116 
4 92 117 
4 92 152 
4 93 95 
4 93 105 
4 93 149 
4 109 116 
5 6 22 
5 6 38 
5 6 103 
5 6 106 
5 6 140 
5 6 153 
5 6 182 
5 6 183 
5 31 37 
5 31 38 
5 31 63 
5 31 86 
5 31 103 
5 31 121 
5 31 136 
5 37 38 
5 37 111 
5 37 136 
5 37 140 
5 37 153 
5 37 182 
5 37 183 
5 37 198 
5 38 140 
5 38 182 
5 38 183 
5 49 103 
5 49 136 
5 49 140 
5 49 153 
5 49 182 
5 49 183 
5 49 198 
5 63 106 
5 86 103 
5 86 136 
5 86 140 
5 103 136 
5 103 140 
5 111 140 
5 111 153 
5 136 153 
5 136 198 
5 182 183 
6 22 36 
6 22 79 
6 22 139 
6 38 140 
6 38 182 
6 38 183 
6 103 118 
6 103 140 
6 118 153 
6 182 183 
7 8 21 
7 8 22 
7 8 29 
7 8 30 
7 8 36 
7 8 41 
7 8 50 
7 8 56 
7 8 58 
7 8 71 
7 8 83 
7 8 101 
7 8 105 
7 8 112 
7 8 115 
7 8 119 
7 8 120 
7 8 122 
7 8 126 
7 8 136 
7 8 149 
7 8 155 
7 8 156 
7 8 180 
7 15 16 
7 15 18 
7 15 20 
7 15 28 
7 15 29 
7 15 30 
7 15 36 
7 15 41 
7 15 55 
7 15 83 
7 15 95 
7 15 105 
7 15 115 
7 15 120 
7 15 121 
7 15 122 
7 15 126 
7 15 135 
7 15 170 
7 15 176 
7 15 180 
7 16 36 
7 16 41 
7 16 55 
7 16 57 
7 16 70 
7 16 82 
7 16 83 
7 16 95 
7 16 101 
7 16 105 
7 16 113 
7 16 120 
7 16 122 
7 16 126 
7 16 135 
7 16 148 
7 16 149 
7 16 155 
7 16 156 
7 16 170 
7 16 180 
7 18 115 
7 18 116 
7 18 134 
7 18 148 
7 20 36 
7 20 41 
7 20 57 
7 20 70 
7 20 82 
7 20 83 
7 20 91 
7 20 101 
7 20 113 
7 20 121 
7 20 122 
7 20 170 
7 21 22 
7 21 36 
7 21 105 
7 21 126 
7 21 155 
7 22 36 
7 22 57 
7 22 82 
7 22 83 
7 22 101 
7 22 113 
7 22 122 
7 28 29 
7 28 30 
7 28 36 
7 28 41 
7 28 55 
7 28 56 
7 28 57 
7 28 70 
7 28 71 
7 28 82 
7 28 83 
7 28 89 
7 28 95 
7 28 101 
7 28 112 
7 28 113 
7 28 114 
7 28 116 
7 28 120 
7 28 122 
7 28 126 
7 28 135 
7 28 155 
7 28 180 
7 29 56 
7 29 58 
7 29 71 
7 29 118 
7 29 120 
7 29 121 
7 29 122 
7 29 126 
7 29 135 
7 29 137 
7 29 148 
7 29 149 
7 29 155 
7 29 180 
7 29 187 
7 30 41 
7 30 54 
7 30 55 
7 30 56 
7 30 70 
7 30 71 
7 30 95 
7 30 121 
7 30 155 
7 36 57 
7 36 82 
7 36 83 
7 36 91 
7 36 95 
7 36 101 
7 36 105 
7 36 113 
7 36 120 
7 36 122 
7 36 149 
7 36 156 
7 36 180 
7 41 55 
7 41 70 
7 41 89 
7 41 91 
7 41 95 
7 41 114 
7 41 122 
7 41 135 
7 41 148 
7 41 149 
7 41 155 
7 41 180 
7 41 193 
7 50 83 
7 50 115 
7 50 116 
7 50 134 
7 50 148 
7 50 149 
7 50 156 
7 50 180 
7 54 55 
7 54 56 
7 54 57 
7 54 58 
7 54 70 
7 54 71 
7 54 78 
7 54 91 
7 54 112 
7 54 119 
7 54 122 
7 55 70 
7 55 89 
7 55 91 
7 55 122 
7 55 149 
7 55 193 
7 56 58 
7 56 71 
7 56 119 
7 57 89 
7 57 112 
7 57 113 
7 58 71 
7 58 118 
7 58 119 
7 58 121 
7 58 137 
7 58 149 
7 58 187 
7 70 89 
7 70 91 
7 70 112 
7 70 149 
7 70 193 
7 71 118 
7 71 121 
7 71 136 
7 71 137 
7 71 149 
7 71 170 
7 71 187 
7 78 91 
7 78 112 
7 82 113 
7 83 156 
7 91 112 
7 95 114 
7 95 135 
7 95 180 
7 101 156 
7 105 126 
7 105 155 
7 115 116 
7 115 134 
7 115 148 
7 118 136 
7 120 135 
7 120 148 
7 120 149 
7 120 180 
7 121 170 
7 126 155 
8 21 22 
8 21 36 
8 21 79 
8 21 86 
8 21 105 
8 21 126 
8 21 139 
8 21 141 
8 21 151 
8 21 155 
8 22 36 
8 22 51 
8 22 79 
8 22 83 
8 22 101 
8 22 122 
8 22 139 
8 29 56 
8 29 58 
8 29 71 
8 29 120 
8 29 122 
8 29 126 
8 29 149 
8 29 155 
8 29 180 
8 30 31 
8 30 41 
8 30 53 
8 30 56 
8 30 65 
8 30 71 
8 30 86 
8 30 139 
8 30 141 
8 30 155 
8 30 219 
8 31 86 
8 31 136 
8 36 51 
8 36 83 
8 36 101 
8 36 105 
8 36 120 
8 36 122 
8 36 149 
8 36 156 
8 36 180 
8 41 65 
8 41 122 
8 41 139 
8 41 141 
8 41 149 
8 41 155 
8 41 180 
8 50 51 
8 50 83 
8 50 115 
8 50 149 
8 50 156 
8 50 180 
8 51 71 
8 51 105 
8 51 180 
8 53 56 
8 53 58 
8 53 71 
8 53 149 
8 56 58 
8 56 71 
8 56 119 
8 58 71 
8 58 119 
8 58 149 
8 58 167 
8 65 149 
8 71 136 
8 71 149 
8 83 156 
8 86 136 
8 86 139 
8 86 156 
8 101 156 
8 105 126 
8 105 155 
8 119 167 
8 120 149 
8 120 180 
8 126 155 
8 136 153 
8 136 198 
9 10 15 
9 10 30 
9 10 55 
9 10 65 
9 10 70 
9 10 88 
9 10 91 
9 10 95 
9 10 141 
9 10 150 
9 10 161 
9 15 30 
9 15 36 
9 15 55 
9 15 88 
9 15 95 
9 15 123 
9 30 55 
9 30 65 
9 30 67 
9 30 70 
9 30 95 
9 30 141 
9 33 36 
9 33 70 
9 33 87 
9 33 91 
9 33 123 
9 33 141 
9 36 67 
9 36 88 
9 36 91 
9 36 95 
9 36 123 
9 36 181 
9 55 65 
9 55 70 
9 55 91 
9 65 70 
9 65 91 
9 67 90 
9 67 91 
9 67 141 
9 67 148 
9 67 152 
9 67 188 
9 70 91 
9 70 141 
9 87 95 
9 87 152 
9 88 95 
9 88 152 
9 91 141 
9 123 181 
10 15 16 
10 15 18 
10 15 20 
10 15 28 
10 15 30 
10 15 41 
10 15 55 
10 15 88 
10 15 92 
10 15 95 
10 15 108 
10 15 121 
10 15 122 
10 15 135 
10 15 176 
10 15 180 
10 15 205 
10 16 41 
10 16 55 
10 16 70 
10 16 95 
10 16 113 
10 16 122 
10 16 135 
10 16 141 
10 16 180 
10 20 41 
10 20 65 
10 20 70 
10 20 91 
10 20 108 
10 20 113 
10 20 121 
10 20 122 
10 20 205 
10 28 30 
10 28 31 
10 28 41 
10 28 53 
10 28 55 
10 28 65 
10 28 70 
10 28 88 
10 28 89 
10 28 92 
10 28 95 
10 28 106 
10 28 108 
10 28 112 
10 28 113 
10 28 114 
10 28 122 
10 28 135 
10 28 141 
10 28 145 
10 28 180 
10 28 205 
10 28 208 
10 28 219 
10 30 31 
10 30 41 
10 30 53 
10 30 55 
10 30 65 
10 30 70 
10 30 95 
10 30 121 
10 30 141 
10 30 219 
10 31 121 
10 41 55 
10 41 65 
10 41 70 
10 41 89 
10 41 91 
10 41 95 
10 41 114 
10 41 122 
10 41 135 
10 41 141 
10 41 180 
10 41 208 
10 53 55 
10 53 91 
10 53 121 
10 53 205 
10 53 208 
10 55 65 
10 55 70 
10 55 89 
10 55 91 
10 55 122 
10 55 208 
10 65 70 
10 65 89 
10 65 91 
10 70 89 
10 70 91 
10 70 112 
10 70 141 
10 70 147 
10 70 153 
10 70 239 
10 88 89 
10 88 92 
10 88 95 
10 88 106 
10 88 108 
10 88 112 
10 88 113 
10 88 145 
10 88 205 
10 88 208 
10 91 112 
10 91 141 
10 91 147 
10 91 153 
10 91 239 
10 92 95 
10 92 114 
10 92 135 
10 92 180 
10 95 114 
10 95 135 
10 95 180 
10 108 180 
10 113 205 
10 113 208 
10 150 151 
11 12 16 
11 12 41 
11 12 85 
11 12 139 
11 16 41 
11 16 139 
11 16 141 
11 30 31 
11 30 41 
11 30 53 
11 30 65 
11 30 139 
11 30 141 
11 30 219 
11 41 65 
11 41 139 
11 41 141 
12 16 36 
12 16 41 
12 16 83 
12 16 105 
12 16 120 
12 16 139 
12 16 170 
12 16 180 
12 36 83 
12 36 85 
12 36 105 
12 36 120 
12 36 180 
12 41 139 
12 41 144 
12 41 180 
12 41 188 
12 85 188 
12 120 180 
12 139 144 
13 14 66 
13 14 118 
13 14 125 
13 14 136 
13 14 139 
13 14 153 
13 14 238 
13 118 136 
13 118 153 
13 136 153 
14 118 136 
14 118 153 
14 118 198 
14 136 153 
14 136 198 
14 139 144 
15 16 36 
15 16 41 
15 16 44 
15 16 45 
15 16 55 
15 16 83 
15 16 95 
15 16 105 
15 16 120 
15 16 122 
15 16 123 
15 16 126 
15 16 135 
15 16 170 
15 16 180 
15 18 115 
15 20 32 
15 20 36 
15 20 41 
15 20 44 
15 20 45 
15 20 80 
15 20 83 
15 20 108 
15 20 121 
15 20 122 
15 20 123 
15 20 170 
15 20 205 
15 28 29 
15 28 30 
15 28 36 
15 28 41 
15 28 44 
15 28 45 
15 28 55 
15 28 83 
15 28 88 
15 28 92 
15 28 95 
15 28 108 
15 28 120 
15 28 122 
15 28 123 
15 28 126 
15 28 135 
15 28 180 
15 28 205 
15 29 120 
15 29 121 
15 29 122 
15 29 126 
15 29 135 
15 29 180 
15 30 41 
15 30 55 
15 30 95 
15 30 121 
15 32 36 
15 32 41 
15 32 55 
15 32 95 
15 32 105 
15 36 44 
15 36 45 
15 36 83 
15 36 88 
15 36 95 
15 36 105 
15 36 108 
15 36 120 
15 36 122 
15 36 123 
15 36 180 
15 36 205 
15 41 55 
15 41 95 
15 41 122 
15 41 135 
15 41 180 
15 44 95 
15 44 135 
15 44 180 
15 55 122 
15 83 123 
15 88 92 
15 88 95 
15 88 108 
15 88 205 
15 92 95 
15 92 105 
15 92 120 
15 92 123 
15 92 135 
15 92 180 
15 95 135 
15 95 180 
15 105 126 
15 108 115 
15 108 180 
15 120 135 
15 120 180 
15 121 170 
15 176 241 
16 36 43 
16 36 44 
16 36 45 
16 36 51 
16 36 57 
16 36 67 
16 36 82 
16 36 83 
16 36 93 
16 36 94 
16 36 95 
16 36 101 
16 36 105 
16 36 113 
16 36 120 
16 36 122 
16 36 123 
16 36 149 
16 36 156 
16 36 180 
16 36 189 
16 36 214 
16 41 42 
16 41 55 
16 41 67 
16 41 70 
16 41 95 
16 41 122 
16 41 135 
16 41 138 
16 41 139 
16 41 141 
16 41 148 
16 41 149 
16 41 155 
16 41 180 
16 41 221 
16 43 44 
16 43 45 
16 43 67 
16 43 95 
16 43 141 
16 43 148 
16 43 149 
16 44 95 
16 44 135 
16 44 180 
16 51 67 
16 51 70 
16 51 105 
16 51 148 
16 51 180 
16 51 199 
16 55 70 
16 55 122 
16 55 149 
16 57 113 
16 67 141 
16 67 148 
16 70 141 
16 70 149 
16 82 113 
16 83 123 
16 83 156 
16 83 189 
16 93 95 
16 93 105 
16 93 120 
16 93 123 
16 93 126 
16 93 135 
16 93 148 
16 93 149 
16 93 155 
16 93 180 
16 95 135 
16 95 180 
16 95 199 
16 101 156 
16 105 126 
16 105 155 
16 120 135 
16 120 148 
16 120 149 
16 120 180 
16 120 199 
16 126 155 
16 180 199 
17 18 115 
17 39 40 
17 39 41 
17 39 87 
17 39 155 
17 41 155 
17 41 208 
17 113 205 
17 113 208 
18 115 116 
18 115 134 
18 115 148 
19 20 32 
19 20 36 
19 20 41 
19 20 68 
19 20 70 
19 20 80 
19 20 108 
19 20 121 
19 20 123 
19 20 205 
19 27 36 
19 27 53 
19 27 55 
19 27 68 
19 27 70 
19 27 123 
19 32 36 
19 32 41 
19 32 42 
19 32 55 
19 32 67 
19 32 68 
19 32 70 
19 32 95 
19 32 138 
19 32 139 
19 32 141 
19 32 155 
19 32 221 
19 36 67 
19 36 68 
19 36 95 
19 36 108 
19 36 123 
19 36 205 
19 41 42 
19 41 55 
19 41 67 
19 41 70 
19 41 95 
19 41 138 
19 41 139 
19 41 141 
19 41 155 
19 41 221 
19 53 55 
19 53 121 
19 53 205 
19 55 70 
19 67 141 
19 68 70 
19 68 121 
19 68 155 
19 70 141 
19 80 141 
20 32 33 
20 32 36 
20 32 41 
20 32 65 
20 32 68 
20 32 70 
20 32 91 
20 32 109 
20 32 146 
20 33 36 
20 33 43 
20 33 44 
20 33 45 
20 33 51 
20 33 57 
20 33 70 
20 33 82 
20 33 83 
20 33 91 
20 33 93 
20 33 94 
20 33 101 
20 33 113 
20 33 122 
20 33 123 
20 33 214 
20 36 43 
20 36 44 
20 36 45 
20 36 51 
20 36 57 
20 36 68 
20 36 82 
20 36 83 
20 36 91 
20 36 93 
20 36 94 
20 36 101 
20 36 108 
20 36 113 
20 36 122 
20 36 123 
20 36 181 
20 36 205 
20 36 214 
20 41 65 
20 41 70 
20 41 91 
20 41 122 
20 43 44 
20 43 45 
20 43 91 
20 51 68 
20 51 70 
20 51 91 
20 51 109 
20 57 108 
20 57 109 
20 57 113 
20 57 205 
20 65 70 
20 65 91 
20 68 70 
20 68 91 
20 68 109 
20 68 121 
20 70 91 
20 80 91 
20 82 113 
20 82 205 
20 83 123 
20 83 181 
20 93 123 
20 93 181 
20 108 109 
20 113 205 
20 121 170 
20 123 181 
21 22 36 
21 22 79 
21 22 139 
21 22 144 
21 36 105 
21 86 87 
21 86 103 
21 86 139 
21 86 199 
21 87 139 
21 87 144 
21 105 126 
21 105 155 
21 126 155 
21 139 144 
22 36 43 
22 36 44 
22 36 45 
22 36 51 
22 36 57 
22 36 82 
22 36 83 
22 36 93 
22 36 94 
22 36 101 
22 36 113 
22 36 122 
22 36 123 
22 36 214 
22 43 44 
22 43 45 
22 57 113 
22 79 171 
22 82 113 
22 83 123 
22 93 123 
22 139 144 
23 24 67 
23 24 87 
23 24 93 
23 24 95 
23 24 102 
23 24 105 
23 24 109 
23 24 112 
23 24 115 
23 24 120 
23 24 126 
23 24 180 
23 29 56 
23 29 71 
23 29 120 
23 29 122 
23 29 126 
23 29 135 
23 29 149 
23 29 180 
23 50 51 
23 50 67 
23 50 83 
23 50 115 
23 50 149 
23 50 180 
23 51 67 
23 51 71 
23 51 105 
23 51 109 
23 51 180 
23 56 71 
23 67 112 
23 71 149 
23 87 93 
23 87 95 
23 87 102 
23 93 95 
23 93 105 
23 93 114 
23 93 120 
23 93 126 
23 93 135 
23 93 149 
23 93 180 
23 95 114 
23 95 135 
23 95 180 
23 105 126 
23 109 115 
23 109 180 
23 120 135 
23 120 149 
23 120 180 
24 67 90 
24 67 91 
24 67 112 
24 67 148 
24 67 152 
24 67 188 
24 87 92 
24 87 93 
24 87 95 
24 87 102 
24 87 116 
24 87 136 
24 87 139 
24 87 152 
24 87 156 
24 87 200 
24 91 112 
24 92 93 
24 92 95 
24 92 102 
24 92 105 
24 92 116 
24 92 120 
24 92 123 
24 92 128 
24 92 152 
24 92 180 
24 92 236 
24 93 95 
24 93 105 
24 93 120 
24 93 123 
24 93 126 
24 93 128 
24 93 148 
24 93 155 
24 93 180 
24 93 236 
24 95 180 
24 105 126 
24 105 155 
24 109 115 
24 109 116 
24 109 134 
24 109 148 
24 109 180 
24 115 116 
24 115 134 
24 115 148 
24 120 148 
24 120 180 
24 126 155 
25 52 122 
25 52 139 
26 27 36 
26 27 53 
26 27 55 
26 27 68 
26 27 122 
26 36 68 
26 36 122 
26 36 156 
26 53 55 
26 55 122 
26 87 92 
26 87 136 
26 87 139 
26 87 156 
26 87 200 
27 36 43 
27 36 44 
27 36 45 
27 36 51 
27 36 57 
27 36 68 
27 36 82 
27 36 83 
27 36 93 
27 36 94 
27 36 101 
27 36 105 
27 36 113 
27 36 122 
27 36 123 
27 36 208 
27 36 214 
27 43 44 
27 43 45 
27 51 68 
27 51 69 
27 51 70 
27 51 71 
27 51 105 
27 51 109 
27 51 145 
27 53 54 
27 53 55 
27 53 56 
27 53 57 
27 53 71 
27 53 84 
27 53 208 
27 54 55 
27 54 56 
27 54 57 
27 54 65 
27 54 70 
27 54 71 
27 54 84 
27 54 122 
27 54 208 
27 55 65 
27 55 70 
27 55 122 
27 55 208 
27 56 71 
27 56 84 
27 57 109 
27 57 113 
27 57 145 
27 65 70 
27 68 69 
27 68 70 
27 68 71 
27 68 105 
27 68 109 
27 68 145 
27 82 113 
27 82 208 
27 83 123 
27 84 208 
27 93 105 
27 93 123 
27 113 208 
28 29 56 
28 29 71 
28 29 120 
28 29 122 
28 29 126 
28 29 135 
28 29 155 
28 29 180 
28 30 31 
28 30 41 
28 30 53 
28 30 55 
28 30 56 
28 30 65 
28 30 70 
28 30 71 
28 30 95 
28 30 141 
28 30 155 
28 30 219 
28 31 94 
28 31 152 
28 36 43 
28 36 44 
28 36 45 
28 36 51 
28 36 57 
28 36 82 
28 36 83 
28 36 88 
28 36 93 
28 36 94 
28 36 95 
28 36 101 
28 36 102 
28 36 108 
28 36 113 
28 36 120 
28 36 122 
28 36 123 
28 36 180 
28 36 205 
28 36 208 
28 36 214 
28 36 232 
28 41 55 
28 41 65 
28 41 70 
28 41 89 
28 41 95 
28 41 114 
28 41 122 
28 41 135 
28 41 141 
28 41 152 
28 41 155 
28 41 180 
28 41 208 
28 43 44 
28 43 45 
28 43 95 
28 43 102 
28 43 112 
28 43 141 
28 43 152 
28 43 232 
28 44 95 
28 44 114 
28 44 135 
28 44 180 
28 44 232 
28 45 102 
28 51 70 
28 51 71 
28 51 145 
28 51 152 
28 51 180 
28 53 55 
28 53 56 
28 53 57 
28 53 71 
28 53 205 
28 53 208 
28 55 65 
28 55 70 
28 55 89 
28 55 122 
28 55 208 
28 56 71 
28 57 88 
28 57 89 
28 57 92 
28 57 106 
28 57 108 
28 57 112 
28 57 113 
28 57 145 
28 57 205 
28 65 70 
28 65 89 
28 70 89 
28 70 112 
28 70 141 
28 82 113 
28 82 205 
28 82 208 
28 83 123 
28 88 89 
28 88 92 
28 88 93 
28 88 95 
28 88 102 
28 88 106 
28 88 108 
28 88 112 
28 88 113 
28 88 116 
28 88 117 
28 88 145 
28 88 152 
28 88 205 
28 88 208 
28 92 93 
28 92 95 
28 92 102 
28 92 114 
28 92 116 
28 92 117 
28 92 120 
28 92 123 
28 92 135 
28 92 152 
28 92 180 
28 93 95 
28 93 114 
28 93 120 
28 93 123 
28 93 126 
28 93 135 
28 93 155 
28 93 180 
28 95 114 
28 95 135 
28 95 180 
28 108 180 
28 113 205 
28 113 208 
28 120 135 
28 120 180 
28 126 155 
29 56 58 
29 56 71 
29 58 71 
29 58 118 
29 58 121 
29 58 137 
29 58 149 
29 58 187 
29 71 118 
29 71 121 
29 71 137 
29 71 149 
29 71 187 
29 120 135 
29 120 148 
29 120 149 
29 120 180 
29 120 199 
29 126 155 
29 180 199 
30 31 37 
30 31 63 
30 31 86 
30 31 121 
30 41 42 
30 41 55 
30 41 65 
30 41 67 
30 41 70 
30 41 95 
30 41 138 
30 41 139 
30 41 141 
30 41 155 
30 41 221 
30 53 54 
30 53 55 
30 53 56 
30 53 71 
30 53 84 
30 53 121 
30 54 55 
30 54 56 
30 54 65 
30 54 70 
30 54 71 
30 54 84 
30 54 141 
30 55 65 
30 55 70 
30 56 71 
30 56 84 
30 65 70 
30 67 141 
30 70 141 
30 71 121 
30 86 139 
31 37 38 
31 37 110 
31 37 136 
31 63 64 
31 63 94 
31 63 152 
31 86 87 
31 86 103 
31 86 136 
31 86 199 
31 87 136 
31 87 152 
31 103 136 
31 110 136 
31 121 170 
32 33 36 
32 33 70 
32 33 87 
32 33 89 
32 33 91 
32 33 139 
32 33 141 
32 33 149 
32 33 193 
32 36 67 
32 36 68 
32 36 91 
32 36 95 
32 36 105 
32 36 149 
32 41 42 
32 41 55 
32 41 65 
32 41 67 
32 41 70 
32 41 89 
32 41 91 
32 41 95 
32 41 138 
32 41 139 
32 41 141 
32 41 149 
32 41 155 
32 41 193 
32 41 221 
32 55 65 
32 55 70 
32 55 89 
32 55 91 
32 55 149 
32 55 193 
32 65 70 
32 65 89 
32 65 91 
32 65 149 
32 65 193 
32 67 91 
32 67 141 
32 68 69 
32 68 70 
32 68 71 
32 68 89 
32 68 91 
32 68 105 
32 68 109 
32 68 145 
32 68 149 
32 68 155 
32 68 193 
32 69 91 
32 69 141 
32 69 149 
32 70 89 
32 70 91 
32 70 141 
32 70 149 
32 70 193 
32 71 149 
32 87 95 
32 87 139 
32 91 141 
32 105 155 
33 36 43 
33 36 44 
33 36 45 
33 36 51 
33 36 57 
33 36 82 
33 36 83 
33 36 91 
33 36 93 
33 36 94 
33 36 101 
33 36 113 
33 36 122 
33 36 123 
33 36 149 
33 36 156 
33 36 214 
33 43 44 
33 43 45 
33 43 91 
33 43 141 
33 43 149 
33 51 70 
33 51 91 
33 57 89 
33 57 92 
33 57 113 
33 70 89 
33 70 91 
33 70 141 
33 70 149 
33 70 193 
33 82 113 
33 83 123 
33 83 156 
33 87 92 
33 87 93 
33 87 136 
33 87 139 
33 87 156 
33 87 200 
33 91 141 
33 92 93 
33 92 123 
33 93 123 
33 93 149 
33 101 156 
34 35 124 
34 35 197 
34 35 207 
34 35 213 
34 35 243 
34 71 118 
34 71 121 
34 71 137 
34 71 149 
34 71 187 
34 124 207 
34 197 213 
34 197 243 
35 124 207 
35 197 213 
35 197 243 
36 43 44 
36 43 45 
36 43 67 
36 43 91 
36 43 95 
36 43 102 
36 43 149 
36 43 232 
36 44 95 
36 44 180 
36 44 232 
36 45 102 
36 51 67 
36 51 68 
36 51 85 
36 51 91 
36 51 105 
36 51 180 
36 51 235 
36 57 88 
36 57 108 
36 57 113 
36 57 205 
36 67 91 
36 68 91 
36 68 105 
36 68 120 
36 68 149 
36 68 180 
36 82 113 
36 82 205 
36 82 208 
36 83 123 
36 83 156 
36 83 181 
36 83 189 
36 88 93 
36 88 95 
36 88 102 
36 88 108 
36 88 113 
36 88 205 
36 88 208 
36 93 95 
36 93 105 
36 93 120 
36 93 123 
36 93 128 
36 93 149 
36 93 180 
36 93 181 
36 93 236 
36 94 238 
36 95 180 
36 101 156 
36 108 180 
36 113 205 
36 113 208 
36 120 149 
36 120 180 
36 123 181 
37 38 140 
37 38 182 
37 38 183 
37 110 111 
37 110 118 
37 110 136 
37 110 140 
37 110 153 
37 111 140 
37 111 153 
37 118 136 
37 118 153 
37 118 198 
37 136 153 
37 136 198 
37 182 183 
38 182 183 
39 41 42 
39 41 55 
39 41 67 
39 41 70 
39 41 95 
39 41 138 
39 41 139 
39 41 141 
39 41 155 
39 41 221 
39 42 136 
39 55 70 
39 67 141 
39 70 141 
39 87 92 
39 87 95 
39 87 136 
39 87 139 
39 87 156 
39 87 200 
39 92 95 
41 42 48 
41 42 131 
41 42 183 
41 48 131 
41 48 183 
41 55 65 
41 55 70 
41 55 89 
41 55 91 
41 55 122 
41 55 149 
41 55 193 
41 55 208 
41 65 70 
41 65 89 
41 65 91 
41 65 149 
41 65 193 
41 67 90 
41 67 91 
41 67 141 
41 67 148 
41 67 152 
41 67 188 
41 70 89 
41 70 91 
41 70 141 
41 70 149 
41 70 193 
41 91 141 
41 95 114 
41 95 135 
41 95 180 
41 139 144 
42 48 49 
42 48 64 
42 48 131 
42 48 136 
42 48 183 
42 49 136 
42 49 183 
42 131 136 
43 44 95 
43 44 232 
43 45 102 
43 67 90 
43 67 91 
43 67 112 
43 67 141 
43 67 147 
43 67 148 
43 67 152 
43 67 153 
43 67 188 
43 67 239 
43 91 112 
43 91 141 
43 91 147 
43 91 153 
43 91 239 
44 95 114 
44 95 135 
44 95 180 
46 47 76 
46 47 81 
46 47 160 
46 47 166 
46 76 81 
46 76 166 
46 81 166 
46 99 100 
46 99 157 
46 99 160 
46 99 166 
46 157 160 
46 157 166 
47 76 77 
47 76 81 
47 76 96 
47 76 166 
47 76 168 
47 76 177 
47 76 179 
47 76 237 
47 77 168 
47 77 179 
47 81 166 
47 81 177 
47 81 179 
47 81 223 
47 96 166 
47 96 223 
47 166 223 
47 168 179 
48 49 103 
48 49 136 
48 49 182 
48 49 183 
48 64 106 
48 64 129 
48 64 175 
48 64 203 
48 103 136 
48 131 136 
48 182 183 
49 103 118 
49 103 136 
49 103 140 
49 118 136 
49 118 153 
49 118 198 
49 136 153 
49 136 198 
49 182 183 
50 51 67 
50 51 68 
50 51 85 
50 51 148 
50 51 180 
50 51 235 
50 67 148 
50 68 115 
50 68 149 
50 68 180 
50 83 123 
50 83 156 
50 83 189 
50 115 116 
50 115 134 
50 115 148 
51 67 90 
51 67 91 
51 67 148 
51 67 152 
51 67 188 
51 68 69 
51 68 70 
51 68 71 
51 68 91 
51 68 105 
51 68 109 
51 68 145 
51 68 180 
51 69 91 
51 69 148 
51 69 180 
51 70 91 
51 85 188 
51 109 148 
51 109 180 
51 109 199 
51 180 199 
52 139 144 
53 54 55 
53 54 56 
53 54 57 
53 54 58 
53 54 71 
53 54 78 
53 54 84 
53 54 91 
53 54 208 
53 55 91 
53 55 149 
53 55 208 
53 56 58 
53 56 71 
53 56 84 
53 57 205 
53 58 71 
53 58 84 
53 58 118 
53 58 121 
53 58 125 
53 58 137 
53 58 149 
53 58 187 
53 58 205 
53 58 208 
53 58 220 
53 71 118 
53 71 121 
53 71 137 
53 71 149 
53 71 187 
53 78 91 
53 84 125 
53 84 205 
53 84 208 
53 84 220 
54 55 65 
54 55 70 
54 55 91 
54 55 122 
54 55 208 
54 56 58 
54 56 71 
54 56 84 
54 56 119 
54 56 127 
54 56 222 
54 57 88 
54 57 108 
54 57 112 
54 58 71 
54 58 84 
54 58 119 
54 58 127 
54 58 208 
54 58 222 
54 65 70 
54 65 91 
54 70 91 
54 70 112 
54 70 141 
54 70 147 
54 70 153 
54 70 239 
54 78 79 
54 78 91 
54 78 112 
54 78 141 
54 78 147 
54 78 153 
54 78 239 
54 84 208 
54 88 108 
54 88 112 
54 88 208 
54 91 112 
54 91 141 
54 91 147 
54 91 153 
54 91 239 
55 65 70 
55 65 89 
55 65 91 
55 65 149 
55 65 193 
55 70 89 
55 70 91 
55 70 149 
55 70 193 
56 58 71 
56 58 84 
56 58 119 
56 58 127 
56 58 222 
57 88 89 
57 88 92 
57 88 106 
57 88 108 
57 88 109 
57 88 112 
57 88 113 
57 88 145 
57 88 205 
57 108 109 
57 113 205 
58 71 118 
58 71 121 
58 71 137 
58 71 149 
58 71 187 
58 84 125 
58 84 205 
58 84 208 
58 84 220 
58 119 167 
58 127 174 
59 60 66 
59 60 125 
59 60 220 
59 84 125 
59 84 205 
59 84 208 
59 84 220 
59 85 188 
59 113 205 
59 113 208 
63 64 106 
63 64 129 
63 64 175 
63 64 203 
63 94 238 
63 152 206 
64 129 130 
64 203 204 
65 70 89 
65 70 91 
65 70 149 
65 70 193 
67 91 112 
67 91 141 
67 91 147 
67 91 153 
67 91 239 
67 152 206 
67 188 201 
68 69 91 
68 69 120 
68 69 149 
68 69 180 
68 70 89 
68 70 91 
68 70 149 
68 70 193 
68 71 118 
68 71 121 
68 71 137 
68 71 149 
68 71 187 
68 105 126 
68 105 155 
68 109 115 
68 109 180 
68 120 149 
68 120 180 
68 126 155 
69 91 112 
69 91 141 
69 91 147 
69 91 153 
69 91 239 
69 120 135 
69 120 148 
69 120 149 
69 120 180 
70 91 112 
70 91 141 
70 91 147 
70 91 153 
70 91 239 
70 193 194 
71 118 136 
71 121 170 
72 79 171 
72 88 89 
72 88 92 
72 88 106 
72 88 108 
72 88 112 
72 88 113 
72 88 145 
72 88 205 
72 113 205 
72 142 143 
72 142 203 
74 75 77 
74 75 210 
75 77 168 
76 77 168 
76 77 169 
76 77 179 
76 81 166 
76 81 177 
76 81 179 
76 96 166 
76 96 173 
76 168 169 
76 168 179 
77 168 169 
77 168 179 
78 79 171 
78 91 112 
78 91 141 
78 91 147 
78 91 153 
78 91 239 
80 91 112 
80 91 141 
80 91 147 
80 91 153 
80 91 239 
81 166 223 
82 113 205 
82 113 208 
83 123 181 
85 188 201 
86 87 92 
86 87 136 
86 87 139 
86 87 156 
86 87 200 
86 103 118 
86 103 136 
86 103 140 
86 118 136 
87 92 93 
87 92 95 
87 92 102 
87 92 116 
87 92 117 
87 92 152 
87 93 95 
87 136 153 
87 136 198 
87 139 144 
88 92 93 
88 92 95 
88 92 102 
88 92 116 
88 92 117 
88 92 152 
88 93 95 
88 108 109 
88 109 116 
88 113 205 
88 113 208 
92 93 95 
92 93 105 
92 93 114 
92 93 120 
92 93 123 
92 93 128 
92 93 135 
92 93 180 
92 93 236 
92 95 114 
92 95 135 
92 95 180 
92 120 135 
92 120 180 
92 152 206 
93 95 114 
93 95 135 
93 95 180 
93 105 126 
93 105 155 
93 120 135 
93 120 148 
93 120 149 
93 120 180 
93 123 181 
93 126 155 
95 180 199 
96 166 223 
99 157 160 
99 157 166 
99 157 212 
103 118 136 
104 105 126 
104 105 155 
104 126 155 
105 126 155 
108 109 115 
108 109 180 
109 115 116 
109 115 134 
109 115 148 
109 180 199 
110 111 140 
110 111 153 
110 118 136 
110 118 153 
110 136 153 
118 136 153 
118 136 198 
120 180 199 
124 207 242 
129 130 171 
131 136 153 
131 136 198 
142 203 204 
157 166 223 
184 185 186 
1 2 22 44 
1 2 22 139 
1 2 41 91 
1 2 41 139 
1 2 41 141 
1 2 71 121 
1 2 91 141 
1 15 16 41 
1 15 16 44 
1 15 16 105 
1 15 20 41 
1 15 20 44 
1 15 20 121 
1 15 28 41 
1 15 28 44 
1 16 41 139 
1 16 41 141 
1 20 41 91 
1 21 22 139 
1 21 86 139 
1 25 52 139 
1 28 41 141 
1 41 91 141 
2 22 36 44 
2 22 36 51 
2 22 36 83 
2 36 44 95 
2 36 44 232 
2 36 51 67 
2 36 51 91 
2 36 67 91 
2 41 55 70 
2 41 55 91 
2 41 55 149 
2 41 67 91 
2 41 67 141 
2 41 70 91 
2 41 70 141 
2 41 70 149 
2 41 91 141 
2 50 51 67 
2 51 67 91 
2 51 70 91 
2 55 70 91 
2 55 70 149 
2 67 91 112 
2 67 91 141 
2 67 91 147 
2 67 91 153 
2 67 91 239 
2 70 91 112 
2 70 91 141 
2 70 91 147 
2 70 91 153 
2 70 91 239 
3 4 59 66 
3 4 68 70 
3 4 68 89 
3 4 68 91 
3 4 70 89 
3 4 70 91 
3 4 92 152 
3 32 33 70 
3 32 33 89 
3 32 33 91 
3 32 41 55 
3 32 41 65 
3 32 41 67 
3 32 41 70 
3 32 41 89 
3 32 41 91 
3 32 55 65 
3 32 55 70 
3 32 55 89 
3 32 55 91 
3 32 65 70 
3 32 65 89 
3 32 65 91 
3 32 67 91 
3 32 68 70 
3 32 68 89 
3 32 68 91 
3 32 70 89 
3 32 70 91 
3 33 70 89 
3 33 70 91 
3 33 92 123 
3 41 55 65 
3 41 55 70 
3 41 55 89 
3 41 55 91 
3 41 55 122 
3 41 55 208 
3 41 65 70 
3 41 65 89 
3 41 65 91 
3 41 67 90 
3 41 67 91 
3 41 67 148 
3 41 67 152 
3 41 67 188 
3 41 70 89 
3 41 70 91 
3 55 65 70 
3 55 65 89 
3 55 65 91 
3 55 70 89 
3 55 70 91 
3 65 70 89 
3 65 70 91 
3 68 70 89 
3 68 70 91 
4 59 60 66 
4 68 69 91 
4 68 69 149 
4 68 70 89 
4 68 70 91 
4 68 70 149 
4 68 70 193 
4 68 71 149 
4 92 93 95 
4 92 93 105 
5 6 38 140 
5 6 38 182 
5 6 38 183 
5 6 103 140 
5 6 182 183 
5 31 37 38 
5 31 37 136 
5 31 86 103 
5 31 86 136 
5 31 103 136 
5 37 38 140 
5 37 38 182 
5 37 38 183 
5 37 111 140 
5 37 111 153 
5 37 136 153 
5 37 136 198 
5 37 182 183 
5 38 182 183 
5 49 103 136 
5 49 103 140 
5 49 136 153 
5 49 136 198 
5 49 182 183 
5 86 103 136 
5 86 103 140 
6 38 182 183 
7 8 21 22 
7 8 21 36 
7 8 21 105 
7 8 21 126 
7 8 21 155 
7 8 22 36 
7 8 22 83 
7 8 22 101 
7 8 22 122 
7 8 29 56 
7 8 29 58 
7 8 29 71 
7 8 29 120 
7 8 29 122 
7 8 29 126 
7 8 29 149 
7 8 29 155 
7 8 29 180 
7 8 30 41 
7 8 30 56 
7 8 30 71 
7 8 30 155 
7 8 36 83 
7 8 36 101 
7 8 36 105 
7 8 36 120 
7 8 36 122 
7 8 36 149 
7 8 36 156 
7 8 36 180 
7 8 41 122 
7 8 41 149 
7 8 41 155 
7 8 41 180 
7 8 50 83 
7 8 50 115 
7 8 50 149 
7 8 50 156 
7 8 50 180 
7 8 56 58 
7 8 56 71 
7 8 56 119 
7 8 58 71 
7 8 58 119 
7 8 58 149 
7 8 71 136 
7 8 71 149 
7 8 83 156 
7 8 101 156 
7 8 105 126 
7 8 105 155 
7 8 120 149 
7 8 120 180 
7 8 126 155 
7 15 16 36 
7 15 16 41 
7 15 16 55 
7 15 16 83 
7 15 16 95 
7 15 16 105 
7 15 16 120 
7 15 16 122 
7 15 16 126 
7 15 16 135 
7 15 16 170 
7 15 16 180 
7 15 18 115 
7 15 20 36 
7 15 20 41 
7 15 20 83 
7 15 20 121 
7 15 20 122 
7 15 20 170 
7 15 28 29 
7 15 28 30 
7 15 28 36 
7 15 28 41 
7 15 28 55 
7 15 28 83 
7 15 28 95 
7 15 28 120 
7 15 28 122 
7 15 28 126 
7 15 28 135 
7 15 28 180 
7 15 29 120 
7 15 29 121 
7 15 29 122 
7 15 29 126 
7 15 29 135 
7 15 29 180 
7 15 30 41 
7 15 30 55 
7 15 30 95 
7 15 30 121 
7 15 36 83 
7 15 36 95 
7 15 36 105 
7 15 36 120 
7 15 36 122 
7 15 36 180 
7 15 41 55 
7 15 41 95 
7 15 41 122 
7 15 41 135 
7 15 41 180 
7 15 55 122 
7 15 95 135 
7 15 95 180 
7 15 105 126 
7 15 120 135 
7 15 120 180 
7 15 121 170 
7 16 36 57 
7 16 36 82 
7 16 36 83 
7 16 36 95 
7 16 36 101 
7 16 36 105 
7 16 36 113 
7 16 36 120 
7 16 36 122 
7 16 36 149 
7 16 36 156 
7 16 36 180 
7 16 41 55 
7 16 41 70 
7 16 41 95 
7 16 41 122 
7 16 41 135 
7 16 41 148 
7 16 41 149 
7 16 41 155 
7 16 41 180 
7 16 55 70 
7 16 55 122 
7 16 55 149 
7 16 57 113 
7 16 70 149 
7 16 82 113 
7 16 83 156 
7 16 95 135 
7 16 95 180 
7 16 101 156 
7 16 105 126 
7 16 105 155 
7 16 120 135 
7 16 120 148 
7 16 120 149 
7 16 120 180 
7 16 126 155 
7 18 115 116 
7 18 115 134 
7 18 115 148 
7 20 36 57 
7 20 36 82 
7 20 36 83 
7 20 36 91 
7 20 36 101 
7 20 36 113 
7 20 36 122 
7 20 41 70 
7 20 41 91 
7 20 41 122 
7 20 57 113 
7 20 70 91 
7 20 82 113 
7 20 121 170 
7 21 22 36 
7 21 36 105 
7 21 105 126 
7 21 105 155 
7 21 126 155 
7 22 36 57 
7 22 36 82 
7 22 36 83 
7 22 36 101 
7 22 36 113 
7 22 36 122 
7 22 57 113 
7 22 82 113 
7 28 29 56 
7 28 29 71 
7 28 29 120 
7 28 29 122 
7 28 29 126 
7 28 29 135 
7 28 29 155 
7 28 29 180 
7 28 30 41 
7 28 30 55 
7 28 30 56 
7 28 30 70 
7 28 30 71 
7 28 30 95 
7 28 30 155 
7 28 36 57 
7 28 36 82 
7 28 36 83 
7 28 36 95 
7 28 36 101 
7 28 36 113 
7 28 36 120 
7 28 36 122 
7 28 36 180 
7 28 41 55 
7 28 41 70 
7 28 41 89 
7 28 41 95 
7 28 41 114 
7 28 41 122 
7 28 41 135 
7 28 41 155 
7 28 41 180 
7 28 55 70 
7 28 55 89 
7 28 55 122 
7 28 56 71 
7 28 57 89 
7 28 57 112 
7 28 57 113 
7 28 70 89 
7 28 70 112 
7 28 82 113 
7 28 95 114 
7 28 95 135 
7 28 95 180 
7 28 120 135 
7 28 120 180 
7 28 126 155 
7 29 56 58 
7 29 56 71 
7 29 58 71 
7 29 58 118 
7 29 58 121 
7 29 58 137 
7 29 58 149 
7 29 58 187 
7 29 71 118 
7 29 71 121 
7 29 71 137 
7 29 71 149 
7 29 71 187 
7 29 120 135 
7 29 120 148 
7 29 120 149 
7 29 120 180 
7 29 126 155 
7 30 41 55 
7 30 41 70 
7 30 41 95 
7 30 41 155 
7 30 54 55 
7 30 54 56 
7 30 54 70 
7 30 54 71 
7 30 55 70 
7 30 56 71 
7 30 71 121 
7 36 57 113 
7 36 82 113 
7 36 83 156 
7 36 95 180 
7 36 101 156 
7 36 120 149 
7 36 120 180 
7 41 55 70 
7 41 55 89 
7 41 55 91 
7 41 55 122 
7 41 55 149 
7 41 55 193 
7 41 70 89 
7 41 70 91 
7 41 70 149 
7 41 70 193 
7 41 95 114 
7 41 95 135 
7 41 95 180 
7 50 83 156 
7 50 115 116 
7 50 115 134 
7 50 115 148 
7 54 55 70 
7 54 55 91 
7 54 55 122 
7 54 56 58 
7 54 56 71 
7 54 56 119 
7 54 57 112 
7 54 58 71 
7 54 58 119 
7 54 70 91 
7 54 70 112 
7 54 78 91 
7 54 78 112 
7 54 91 112 
7 55 70 89 
7 55 70 91 
7 55 70 149 
7 55 70 193 
7 56 58 71 
7 56 58 119 
7 58 71 118 
7 58 71 121 
7 58 71 137 
7 58 71 149 
7 58 71 187 
7 70 91 112 
7 71 118 136 
7 71 121 170 
7 78 91 112 
7 105 126 155 
8 21 22 36 
8 21 22 79 
8 21 22 139 
8 21 36 105 
8 21 86 139 
8 21 105 126 
8 21 105 155 
8 21 126 155 
8 22 36 51 
8 22 36 83 
8 22 36 101 
8 22 36 122 
8 29 56 58 
8 29 56 71 
8 29 58 71 
8 29 58 149 
8 29 71 149 
8 29 120 149 
8 29 120 180 
8 29 126 155 
8 30 31 86 
8 30 41 65 
8 30 41 139 
8 30 41 141 
8 30 41 155 
8 30 53 56 
8 30 53 71 
8 30 56 71 
8 30 86 139 
8 31 86 136 
8 36 51 105 
8 36 51 180 
8 36 83 156 
8 36 101 156 
8 36 120 149 
8 36 120 180 
8 41 65 149 
8 50 51 180 
8 50 83 156 
8 53 56 58 
8 53 56 71 
8 53 58 71 
8 53 58 149 
8 53 71 149 
8 56 58 71 
8 56 58 119 
8 58 71 149 
8 58 119 167 
8 105 126 155 
9 10 15 30 
9 10 15 55 
9 10 15 88 
9 10 15 95 
9 10 30 55 
9 10 30 65 
9 10 30 70 
9 10 30 95 
9 10 30 141 
9 10 55 65 
9 10 55 70 
9 10 55 91 
9 10 65 70 
9 10 65 91 
9 10 70 91 
9 10 70 141 
9 10 88 95 
9 10 91 141 
9 15 30 55 
9 15 30 95 
9 15 36 88 
9 15 36 95 
9 15 36 123 
9 15 88 95 
9 30 55 65 
9 30 55 70 
9 30 65 70 
9 30 67 141 
9 30 70 141 
9 33 36 91 
9 33 36 123 
9 33 70 91 
9 33 70 141 
9 33 91 141 
9 36 67 91 
9 36 88 95 
9 36 123 181 
9 55 65 70 
9 55 65 91 
9 55 70 91 
9 65 70 91 
9 67 91 141 
9 70 91 141 
10 15 16 41 
10 15 16 55 
10 15 16 95 
10 15 16 122 
10 15 16 135 
10 15 16 180 
10 15 20 41 
10 15 20 108 
10 15 20 121 
10 15 20 122 
10 15 20 205 
10 15 28 30 
10 15 28 41 
10 15 28 55 
10 15 28 88 
10 15 28 92 
10 15 28 95 
10 15 28 108 
10 15 28 122 
10 15 28 135 
10 15 28 180 
10 15 28 205 
10 15 30 41 
10 15 30 55 
10 15 30 95 
10 15 30 121 
10 15 41 55 
10 15 41 95 
10 15 41 122 
10 15 41 135 
10 15 41 180 
10 15 55 122 
10 15 88 92 
10 15 88 95 
10 15 88 108 
10 15 88 205 
10 15 92 95 
10 15 92 135 
10 15 92 180 
10 15 95 135 
10 15 95 180 
10 15 108 180 
10 16 41 55 
10 16 41 70 
10 16 41 95 
10 16 41 122 
10 16 41 135 
10 16 41 141 
10 16 41 180 
10 16 55 70 
10 16 55 122 
10 16 70 141 
10 16 95 135 
10 16 95 180 
10 20 41 65 
10 20 41 70 
10 20 41 91 
10 20 41 122 
10 20 65 70 
10 20 65 91 
10 20 70 91 
10 20 113 205 
10 28 30 31 
10 28 30 41 
10 28 30 53 
10 28 30 55 
10 28 30 65 
10 28 30 70 
10 28 30 95 
10 28 30 141 
10 28 30 219 
10 28 41 55 
10 28 41 65 
10 28 41 70 
10 28 41 89 
10 28 41 95 
10 28 41 114 
10 28 41 122 
10 28 41 135 
10 28 41 141 
10 28 41 180 
10 28 41 208 
10 28 53 55 
10 28 53 205 
10 28 53 208 
10 28 55 65 
10 28 55 70 
10 28 55 89 
10 28 55 122 
10 28 55 208 
10 28 65 70 
10 28 65 89 
10 28 70 89 
10 28 70 112 
10 28 70 141 
10 28 88 89 
10 28 88 92 
10 28 88 95 
10 28 88 106 
10 28 88 108 
10 28 88 112 
10 28 88 113 
10 28 88 145 
10 28 88 205 
10 28 88 208 
10 28 92 95 
10 28 92 114 
10 28 92 135 
10 28 92 180 
10 28 95 114 
10 28 95 135 
10 28 95 180 
10 28 108 180 
10 28 113 205 
10 28 113 208 
10 30 31 121 
10 30 41 55 
10 30 41 65 
10 30 41 70 
10 30 41 95 
10 30 41 141 
10 30 53 55 
10 30 53 121 
10 30 55 65 
10 30 55 70 
10 30 65 70 
10 30 70 141 
10 41 55 65 
10 41 55 70 
10 41 55 89 
10 41 55 91 
10 41 55 122 
10 41 55 208 
10 41 65 70 
10 41 65 89 
10 41 65 91 
10 41 70 89 
10 41 70 91 
10 41 70 141 
10 41 91 141 
10 41 95 114 
10 41 95 135 
10 41 95 180 
10 53 55 91 
10 53 55 208 
10 55 65 70 
10 55 65 89 
10 55 65 91 
10 55 70 89 
10 55 70 91 
10 65 70 89 
10 65 70 91 
10 70 91 112 
10 70 91 141 
10 70 91 147 
10 70 91 153 
10 70 91 239 
10 88 92 95 
10 88 113 205 
10 88 113 208 
10 92 95 114 
10 92 95 135 
10 92 95 180 
11 12 16 41 
11 12 16 139 
11 12 41 139 
11 16 41 139 
11 16 41 141 
11 30 41 65 
11 30 41 139 
11 30 41 141 
12 16 36 83 
12 16 36 105 
12 16 36 120 
12 16 36 180 
12 16 41 139 
12 16 41 180 
12 16 120 180 
12 36 120 180 
12 41 139 144 
13 14 118 136 
13 14 118 153 
13 14 136 153 
13 118 136 153 
14 118 136 153 
14 118 136 198 
15 16 36 44 
15 16 36 45 
15 16 36 83 
15 16 36 95 
15 16 36 105 
15 16 36 120 
15 16 36 122 
15 16 36 123 
15 16 36 180 
15 16 41 55 
15 16 41 95 
15 16 41 122 
15 16 41 135 
15 16 41 180 
15 16 44 95 
15 16 44 135 
15 16 44 180 
15 16 55 122 
15 16 83 123 
15 16 95 135 
15 16 95 180 
15 16 105 126 
15 16 120 135 
15 16 120 180 
15 20 32 36 
15 20 32 41 
15 20 36 44 
15 20 36 45 
15 20 36 83 
15 20 36 108 
15 20 36 122 
15 20 36 123 
15 20 36 205 
15 20 41 122 
15 20 83 123 
15 20 121 170 
15 28 29 120 
15 28 29 122 
15 28 29 126 
15 28 29 135 
15 28 29 180 
15 28 30 41 
15 28 30 55 
15 28 30 95 
15 28 36 44 
15 28 36 45 
15 28 36 83 
15 28 36 88 
15 28 36 95 
15 28 36 108 
15 28 36 120 
15 28 36 122 
15 28 36 123 
15 28 36 180 
15 28 36 205 
15 28 41 55 
15 28 41 95 
15 28 41 122 
15 28 41 135 
15 28 41 180 
15 28 44 95 
15 28 44 135 
15 28 44 180 
15 28 55 122 
15 28 83 123 
15 28 88 92 
15 28 88 95 
15 28 88 108 
15 28 88 205 
15 28 92 95 
15 28 92 120 
15 28 92 123 
15 28 92 135 
15 28 92 180 
15 28 95 135 
15 28 95 180 
15 28 108 180 
15 28 120 135 
15 28 120 180 
15 29 120 135 
15 29 120 180 
15 30 41 55 
15 30 41 95 
15 32 36 95 
15 32 36 105 
15 32 41 55 
15 32 41 95 
15 36 44 95 
15 36 44 180 
15 36 83 123 
15 36 88 95 
15 36 88 108 
15 36 88 205 
15 36 95 180 
15 36 108 180 
15 36 120 180 
15 41 55 122 
15 41 95 135 
15 41 95 180 
15 44 95 135 
15 44 95 180 
15 88 92 95 
15 92 95 135 
15 92 95 180 
15 92 120 135 
15 92 120 180 
16 36 43 44 
16 36 43 45 
16 36 43 67 
16 36 43 95 
16 36 43 149 
16 36 44 95 
16 36 44 180 
16 36 51 67 
16 36 51 105 
16 36 51 180 
16 36 57 113 
16 36 82 113 
16 36 83 123 
16 36 83 156 
16 36 83 189 
16 36 93 95 
16 36 93 105 
16 36 93 120 
16 36 93 123 
16 36 93 149 
16 36 93 180 
16 36 95 180 
16 36 101 156 
16 36 120 149 
16 36 120 180 
16 41 55 70 
16 41 55 122 
16 41 55 149 
16 41 67 141 
16 41 67 148 
16 41 70 141 
16 41 70 149 
16 41 95 135 
16 41 95 180 
16 43 44 95 
16 43 67 141 
16 43 67 148 
16 44 95 135 
16 44 95 180 
16 51 67 148 
16 51 180 199 
16 55 70 149 
16 93 95 135 
16 93 95 180 
16 93 105 126 
16 93 105 155 
16 93 120 135 
16 93 120 148 
16 93 120 149 
16 93 120 180 
16 93 126 155 
16 95 180 199 
16 105 126 155 
16 120 180 199 
17 39 41 155 
19 20 32 36 
19 20 32 41 
19 20 32 68 
19 20 32 70 
19 20 36 68 
19 20 36 108 
19 20 36 123 
19 20 36 205 
19 20 41 70 
19 20 68 70 
19 20 68 121 
19 27 36 68 
19 27 36 123 
19 27 53 55 
19 27 55 70 
19 27 68 70 
19 32 36 67 
19 32 36 68 
19 32 36 95 
19 32 41 42 
19 32 41 55 
19 32 41 67 
19 32 41 70 
19 32 41 95 
19 32 41 138 
19 32 41 139 
19 32 41 141 
19 32 41 155 
19 32 41 221 
19 32 55 70 
19 32 67 141 
19 32 68 70 
19 32 68 155 
19 32 70 141 
19 41 55 70 
19 41 67 141 
19 41 70 141 
20 32 33 36 
20 32 33 70 
20 32 33 91 
20 32 36 68 
20 32 36 91 
20 32 41 65 
20 32 41 70 
20 32 41 91 
20 32 65 70 
20 32 65 91 
20 32 68 70 
20 32 68 91 
20 32 68 109 
20 32 70 91 
20 33 36 43 
20 33 36 44 
20 33 36 45 
20 33 36 51 
20 33 36 57 
20 33 36 82 
20 33 36 83 
20 33 36 91 
20 33 36 93 
20 33 36 94 
20 33 36 101 
20 33 36 113 
20 33 36 122 
20 33 36 123 
20 33 36 214 
20 33 43 44 
20 33 43 45 
20 33 43 91 
20 33 51 70 
20 33 51 91 
20 33 57 113 
20 33 70 91 
20 33 82 113 
20 33 83 123 
20 33 93 123 
20 36 43 44 
20 36 43 45 
20 36 43 91 
20 36 51 68 
20 36 51 91 
20 36 57 108 
20 36 57 113 
20 36 57 205 
20 36 68 91 
20 36 82 113 
20 36 82 205 
20 36 83 123 
20 36 83 181 
20 36 93 123 
20 36 93 181 
20 36 113 205 
20 36 123 181 
20 41 65 70 
20 41 65 91 
20 41 70 91 
20 51 68 70 
20 51 68 91 
20 51 68 109 
20 51 70 91 
20 57 108 109 
20 57 113 205 
20 65 70 91 
20 68 70 91 
20 82 113 205 
20 83 123 181 
20 93 123 181 
21 22 139 144 
21 86 87 139 
21 87 139 144 
21 105 126 155 
22 36 43 44 
22 36 43 45 
22 36 57 113 
22 36 82 113 
22 36 83 123 
22 36 93 123 
23 24 67 112 
23 24 87 93 
23 24 87 95 
23 24 87 102 
23 24 93 95 
23 24 93 105 
23 24 93 120 
23 24 93 126 
23 24 93 180 
23 24 95 180 
23 24 105 126 
23 24 109 115 
23 24 109 180 
23 24 120 180 
23 29 56 71 
23 29 71 149 
23 29 120 135 
23 29 120 149 
23 29 120 180 
23 50 51 67 
23 50 51 180 
23 51 109 180 
23 87 93 95 
23 93 95 114 
23 93 95 135 
23 93 95 180 
23 93 105 126 
23 93 120 135 
23 93 120 149 
23 93 120 180 
24 67 91 112 
24 87 92 93 
24 87 92 95 
24 87 92 102 
24 87 92 116 
24 87 92 152 
24 87 93 95 
24 92 93 95 
24 92 93 105 
24 92 93 120 
24 92 93 123 
24 92 93 128 
24 92 93 180 
24 92 93 236 
24 92 95 180 
24 92 120 180 
24 93 95 180 
24 93 105 126 
24 93 105 155 
24 93 120 148 
24 93 120 180 
24 93 126 155 
24 105 126 155 
24 109 115 116 
24 109 115 134 
24 109 115 148 
26 27 36 68 
26 27 36 122 
26 27 53 55 
26 27 55 122 
27 36 43 44 
27 36 43 45 
27 36 51 68 
27 36 51 105 
27 36 57 113 
27 36 68 105 
27 36 82 113 
27 36 82 208 
27 36 83 123 
27 36 93 105 
27 36 93 123 
27 36 113 208 
27 51 68 69 
27 51 68 70 
27 51 68 71 
27 51 68 105 
27 51 68 109 
27 51 68 145 
27 53 54 55 
27 53 54 56 
27 53 54 57 
27 53 54 71 
27 53 54 84 
27 53 54 208 
27 53 55 208 
27 53 56 71 
27 53 56 84 
27 53 84 208 
27 54 55 65 
27 54 55 70 
27 54 55 122 
27 54 55 208 
27 54 56 71 
27 54 56 84 
27 54 65 70 
27 54 84 208 
27 55 65 70 
27 82 113 208 
28 29 56 71 
28 29 120 135 
28 29 120 180 
28 29 126 155 
28 30 41 55 
28 30 41 65 
28 30 41 70 
28 30 41 95 
28 30 41 141 
28 30 41 155 
28 30 53 55 
28 30 53 56 
28 30 53 71 
28 30 55 65 
28 30 55 70 
28 30 56 71 
28 30 65 70 
28 30 70 141 
28 36 43 44 
28 36 43 45 
28 36 43 95 
28 36 43 102 
28 36 43 232 
28 36 44 95 
28 36 44 180 
28 36 44 232 
28 36 45 102 
28 36 51 180 
28 36 57 88 
28 36 57 108 
28 36 57 113 
28 36 57 205 
28 36 82 113 
28 36 82 205 
28 36 82 208 
28 36 83 123 
28 36 88 93 
28 36 88 95 
28 36 88 102 
28 36 88 108 
28 36 88 113 
28 36 88 205 
28 36 88 208 
28 36 93 95 
28 36 93 120 
28 36 93 123 
28 36 93 180 
28 36 95 180 
28 36 108 180 
28 36 113 205 
28 36 113 208 
28 36 120 180 
28 41 55 65 
28 41 55 70 
28 41 55 89 
28 41 55 122 
28 41 55 208 
28 41 65 70 
28 41 65 89 
28 41 70 89 
28 41 70 141 
28 41 95 114 
28 41 95 135 
28 41 95 180 
28 43 44 95 
28 43 44 232 
28 43 45 102 
28 44 95 114 
28 44 95 135 
28 44 95 180 
28 53 55 208 
28 53 56 71 
28 53 57 205 
28 55 65 70 
28 55 65 89 
28 55 70 89 
28 57 88 89 
28 57 88 92 
28 57 88 106 
28 57 88 108 
28 57 88 112 
28 57 88 113 
28 57 88 145 
28 57 88 205 
28 57 113 205 
28 65 70 89 
28 82 113 205 
28 82 113 208 
28 88 92 93 
28 88 92 95 
28 88 92 102 
28 88 92 116 
28 88 92 117 
28 88 92 152 
28 88 93 95 
28 88 113 205 
28 88 113 208 
28 92 93 95 
28 92 93 114 
28 92 93 120 
28 92 93 123 
28 92 93 135 
28 92 93 180 
28 92 95 114 
28 92 95 135 
28 92 95 180 
28 92 120 135 
28 92 120 180 
28 93 95 114 
28 93 95 135 
28 93 95 180 
28 93 120 135 
28 93 120 180 
28 93 126 155 
29 56 58 71 
29 58 71 118 
29 58 71 121 
29 58 71 137 
29 58 71 149 
29 58 71 187 
29 120 180 199 
30 41 55 65 
30 41 55 70 
30 41 65 70 
30 41 67 141 
30 41 70 141 
30 53 54 55 
30 53 54 56 
30 53 54 71 
30 53 54 84 
30 53 56 71 
30 53 56 84 
30 53 71 121 
30 54 55 65 
30 54 55 70 
30 54 56 71 
30 54 56 84 
30 54 65 70 
30 54 70 141 
30 55 65 70 
31 37 110 136 
31 86 87 136 
31 86 103 136 
32 33 36 91 
32 33 36 149 
32 33 70 89 
32 33 70 91 
32 33 70 141 
32 33 70 149 
32 33 70 193 
32 33 87 139 
32 33 91 141 
32 36 67 91 
32 36 68 91 
32 36 68 105 
32 36 68 149 
32 41 55 65 
32 41 55 70 
32 41 55 89 
32 41 55 91 
32 41 55 149 
32 41 55 193 
32 41 65 70 
32 41 65 89 
32 41 65 91 
32 41 65 149 
32 41 65 193 
32 41 67 91 
32 41 67 141 
32 41 70 89 
32 41 70 91 
32 41 70 141 
32 41 70 149 
32 41 70 193 
32 41 91 141 
32 55 65 70 
32 55 65 89 
32 55 65 91 
32 55 65 149 
32 55 65 193 
32 55 70 89 
32 55 70 91 
32 55 70 149 
32 55 70 193 
32 65 70 89 
32 65 70 91 
32 65 70 149 
32 65 70 193 
32 67 91 141 
32 68 69 91 
32 68 69 149 
32 68 70 89 
32 68 70 91 
32 68 70 149 
32 68 70 193 
32 68 71 149 
32 68 105 155 
32 69 91 141 
32 70 91 141 
33 36 43 44 
33 36 43 45 
33 36 43 91 
33 36 43 149 
33 36 51 91 
33 36 57 113 
33 36 82 113 
33 36 83 123 
33 36 83 156 
33 36 93 123 
33 36 93 149 
33 36 101 156 
33 43 91 141 
33 51 70 91 
33 70 91 141 
33 87 92 93 
33 92 93 123 
34 35 124 207 
34 35 197 213 
34 35 197 243 
36 43 44 95 
36 43 44 232 
36 43 45 102 
36 43 67 91 
36 44 95 180 
36 51 67 91 
36 51 68 91 
36 51 68 105 
36 51 68 180 
36 57 88 108 
36 57 88 113 
36 57 88 205 
36 57 113 205 
36 68 120 149 
36 68 120 180 
36 82 113 205 
36 82 113 208 
36 83 123 181 
36 88 93 95 
36 88 113 205 
36 88 113 208 
36 93 95 180 
36 93 120 149 
36 93 120 180 
36 93 123 181 
37 38 182 183 
37 110 111 140 
37 110 111 153 
37 110 118 136 
37 110 118 153 
37 110 136 153 
37 118 136 153 
37 118 136 198 
39 41 55 70 
39 41 67 141 
39 41 70 141 
39 87 92 95 
41 42 48 131 
41 42 48 183 
41 55 65 70 
41 55 65 89 
41 55 65 91 
41 55 65 149 
41 55 65 193 
41 55 70 89 
41 55 70 91 
41 55 70 149 
41 55 70 193 
41 65 70 89 
41 65 70 91 
41 65 70 149 
41 65 70 193 
41 67 91 141 
41 70 91 141 
42 48 49 136 
42 48 49 183 
42 48 131 136 
43 67 91 112 
43 67 91 141 
43 67 91 147 
43 67 91 153 
43 67 91 239 
46 47 76 81 
46 47 76 166 
46 47 81 166 
46 76 81 166 
46 99 157 160 
46 99 157 166 
47 76 77 168 
47 76 77 179 
47 76 81 166 
47 76 81 177 
47 76 81 179 
47 76 96 166 
47 76 168 179 
47 77 168 179 
47 81 166 223 
47 96 166 223 
48 49 103 136 
48 49 182 183 
49 103 118 136 
49 118 136 153 
49 118 136 198 
50 51 67 148 
50 51 68 180 
51 68 69 91 
51 68 69 180 
51 68 70 91 
51 68 109 180 
51 109 180 199 
53 54 55 91 
53 54 55 208 
53 54 56 58 
53 54 56 71 
53 54 56 84 
53 54 58 71 
53 54 58 84 
53 54 58 208 
53 54 78 91 
53 54 84 208 
53 56 58 71 
53 56 58 84 
53 58 71 118 
53 58 71 121 
53 58 71 137 
53 58 71 149 
53 58 71 187 
53 58 84 125 
53 58 84 205 
53 58 84 208 
53 58 84 220 
54 55 65 70 
54 55 65 91 
54 55 70 91 
54 56 58 71 
54 56 58 84 
54 56 58 119 
54 56 58 127 
54 56 58 222 
54 57 88 108 
54 57 88 112 
54 58 84 208 
54 65 70 91 
54 70 91 112 
54 70 91 141 
54 70 91 147 
54 70 91 153 
54 70 91 239 
54 78 91 112 
54 78 91 141 
54 78 91 147 
54 78 91 153 
54 78 91 239 
55 65 70 89 
55 65 70 91 
55 65 70 149 
55 65 70 193 
57 88 108 109 
57 88 113 205 
68 69 120 149 
68 69 120 180 
68 105 126 155 
72 88 113 205 
76 77 168 169 
76 77 168 179 
86 103 118 136 
87 92 93 95 
88 92 93 95 
92 93 95 114 
92 93 95 135 
92 93 95 180 
92 93 120 135 
92 93 120 180 
93 105 126 155 
104 105 126 155 
110 118 136 153 
1 2 41 91 141 
2 36 51 67 91 
2 41 55 70 91 
2 41 55 70 149 
2 41 67 91 141 
2 41 70 91 141 
3 4 68 70 89 
3 4 68 70 91 
3 32 33 70 89 
3 32 33 70 91 
3 32 41 55 65 
3 32 41 55 70 
3 32 41 55 89 
3 32 41 55 91 
3 32 41 65 70 
3 32 41 65 89 
3 32 41 65 91 
3 32 41 67 91 
3 32 41 70 89 
3 32 41 70 91 
3 32 55 65 70 
3 32 55 65 89 
3 32 55 65 91 
3 32 55 70 89 
3 32 55 70 91 
3 32 65 70 89 
3 32 65 70 91 
3 32 68 70 89 
3 32 68 70 91 
3 41 55 65 70 
3 41 55 65 89 
3 41 55 65 91 
3 41 55 70 89 
3 41 55 70 91 
3 41 65 70 89 
3 41 65 70 91 
3 55 65 70 89 
3 55 65 70 91 
5 6 38 182 183 
5 31 86 103 136 
5 37 38 182 183 
7 8 21 22 36 
7 8 21 36 105 
7 8 21 105 126 
7 8 21 105 155 
7 8 21 126 155 
7 8 22 36 83 
7 8 22 36 101 
7 8 22 36 122 
7 8 29 56 58 
7 8 29 56 71 
7 8 29 58 71 
7 8 29 58 149 
7 8 29 71 149 
7 8 29 120 149 
7 8 29 120 180 
7 8 29 126 155 
7 8 30 41 155 
7 8 30 56 71 
7 8 36 83 156 
7 8 36 101 156 
7 8 36 120 149 
7 8 36 120 180 
7 8 50 83 156 
7 8 56 58 71 
7 8 56 58 119 
7 8 58 71 149 
7 8 105 126 155 
7 15 16 36 83 
7 15 16 36 95 
7 15 16 36 105 
7 15 16 36 120 
7 15 16 36 122 
7 15 16 36 180 
7 15 16 41 55 
7 15 16 41 95 
7 15 16 41 122 
7 15 16 41 135 
7 15 16 41 180 
7 15 16 55 122 
7 15 16 95 135 
7 15 16 95 180 
7 15 16 105 126 
7 15 16 120 135 
7 15 16 120 180 
7 15 20 36 83 
7 15 20 36 122 
7 15 20 41 122 
7 15 20 121 170 
7 15 28 29 120 
7 15 28 29 122 
7 15 28 29 126 
7 15 28 29 135 
7 15 28 29 180 
7 15 28 30 41 
7 15 28 30 55 
7 15 28 30 95 
7 15 28 36 83 
7 15 28 36 95 
7 15 28 36 120 
7 15 28 36 122 
7 15 28 36 180 
7 15 28 41 55 
7 15 28 41 95 
7 15 28 41 122 
7 15 28 41 135 
7 15 28 41 180 
7 15 28 55 122 
7 15 28 95 135 
7 15 28 95 180 
7 15 28 120 135 
7 15 28 120 180 
7 15 29 120 135 
7 15 29 120 180 
7 15 30 41 55 
7 15 30 41 95 
7 15 36 95 180 
7 15 36 120 180 
7 15 41 55 122 
7 15 41 95 135 
7 15 41 95 180 
7 16 36 57 113 
7 16 36 82 113 
7 16 36 83 156 
7 16 36 95 180 
7 16 36 101 156 
7 16 36 120 149 
7 16 36 120 180 
7 16 41 55 70 
7 16 41 55 122 
7 16 41 55 149 
7 16 41 70 149 
7 16 41 95 135 
7 16 41 95 180 
7 16 55 70 149 
7 16 105 126 155 
7 20 36 57 113 
7 20 36 82 113 
7 20 41 70 91 
7 21 105 126 155 
7 22 36 57 113 
7 22 36 82 113 
7 28 29 56 71 
7 28 29 120 135 
7 28 29 120 180 
7 28 29 126 155 
7 28 30 41 55 
7 28 30 41 70 
7 28 30 41 95 
7 28 30 41 155 
7 28 30 55 70 
7 28 30 56 71 
7 28 36 57 113 
7 28 36 82 113 
7 28 36 95 180 
7 28 36 120 180 
7 28 41 55 70 
7 28 41 55 89 
7 28 41 55 122 
7 28 41 70 89 
7 28 41 95 114 
7 28 41 95 135 
7 28 41 95 180 
7 28 55 70 89 
7 29 56 58 71 
7 29 58 71 118 
7 29 58 71 121 
7 29 58 71 137 
7 29 58 71 149 
7 29 58 71 187 
7 30 41 55 70 
7 30 54 55 70 
7 30 54 56 71 
7 41 55 70 89 
7 41 55 70 91 
7 41 55 70 149 
7 41 55 70 193 
7 54 55 70 91 
7 54 56 58 71 
7 54 56 58 119 
7 54 70 91 112 
7 54 78 91 112 
8 21 105 126 155 
8 29 56 58 71 
8 29 58 71 149 
8 30 53 56 71 
8 53 56 58 71 
8 53 58 71 149 
9 10 15 30 55 
9 10 15 30 95 
9 10 15 88 95 
9 10 30 55 65 
9 10 30 55 70 
9 10 30 65 70 
9 10 30 70 141 
9 10 55 65 70 
9 10 55 65 91 
9 10 55 70 91 
9 10 65 70 91 
9 10 70 91 141 
9 15 36 88 95 
9 30 55 65 70 
9 33 70 91 141 
9 55 65 70 91 
10 15 16 41 55 
10 15 16 41 95 
10 15 16 41 122 
10 15 16 41 135 
10 15 16 41 180 
10 15 16 55 122 
10 15 16 95 135 
10 15 16 95 180 
10 15 20 41 122 
10 15 28 30 41 
10 15 28 30 55 
10 15 28 30 95 
10 15 28 41 55 
10 15 28 41 95 
10 15 28 41 122 
10 15 28 41 135 
10 15 28 41 180 
10 15 28 55 122 
10 15 28 88 92 
10 15 28 88 95 
10 15 28 88 108 
10 15 28 88 205 
10 15 28 92 95 
10 15 28 92 135 
10 15 28 92 180 
10 15 28 95 135 
10 15 28 95 180 
10 15 28 108 180 
10 15 30 41 55 
10 15 30 41 95 
10 15 41 55 122 
10 15 41 95 135 
10 15 41 95 180 
10 15 88 92 95 
10 15 92 95 135 
10 15 92 95 180 
10 16 41 55 70 
10 16 41 55 122 
10 16 41 70 141 
10 16 41 95 135 
10 16 41 95 180 
10 20 41 65 70 
10 20 41 65 91 
10 20 41 70 91 
10 20 65 70 91 
10 28 30 41 55 
10 28 30 41 65 
10 28 30 41 70 
10 28 30 41 95 
10 28 30 41 141 
10 28 30 53 55 
10 28 30 55 65 
10 28 30 55 70 
10 28 30 65 70 
10 28 30 70 141 
10 28 41 55 65 
10 28 41 55 70 
10 28 41 55 89 
10 28 41 55 122 
10 28 41 55 208 
10 28 41 65 70 
10 28 41 65 89 
10 28 41 70 89 
10 28 41 70 141 
10 28 41 95 114 
10 28 41 95 135 
10 28 41 95 180 
10 28 53 55 208 
10 28 55 65 70 
10 28 55 65 89 
10 28 55 70 89 
10 28 65 70 89 
10 28 88 92 95 
10 28 88 113 205 
10 28 88 113 208 
10 28 92 95 114 
10 28 92 95 135 
10 28 92 95 180 
10 30 41 55 65 
10 30 41 55 70 
10 30 41 65 70 
10 30 41 70 141 
10 30 55 65 70 
10 41 55 65 70 
10 41 55 65 89 
10 41 55 65 91 
10 41 55 70 89 
10 41 55 70 91 
10 41 65 70 89 
10 41 65 70 91 
10 41 70 91 141 
10 55 65 70 89 
10 55 65 70 91 
11 12 16 41 139 
12 16 36 120 180 
13 14 118 136 153 
15 16 36 44 95 
15 16 36 44 180 
15 16 36 83 123 
15 16 36 95 180 
15 16 36 120 180 
15 16 41 55 122 
15 16 41 95 135 
15 16 41 95 180 
15 16 44 95 135 
15 16 44 95 180 
15 20 36 83 123 
15 28 29 120 135 
15 28 29 120 180 
15 28 30 41 55 
15 28 30 41 95 
15 28 36 44 95 
15 28 36 44 180 
15 28 36 83 123 
15 28 36 88 95 
15 28 36 88 108 
15 28 36 88 205 
15 28 36 95 180 
15 28 36 108 180 
15 28 36 120 180 
15 28 41 55 122 
15 28 41 95 135 
15 28 41 95 180 
15 28 44 95 135 
15 28 44 95 180 
15 28 88 92 95 
15 28 92 95 135 
15 28 92 95 180 
15 28 92 120 135 
15 28 92 120 180 
15 36 44 95 180 
16 36 43 44 95 
16 36 44 95 180 
16 36 93 95 180 
16 36 93 120 149 
16 36 93 120 180 
16 41 55 70 149 
16 93 105 126 155 
19 20 32 36 68 
19 20 32 41 70 
19 20 32 68 70 
19 32 41 55 70 
19 32 41 67 141 
19 32 41 70 141 
20 32 33 36 91 
20 32 33 70 91 
20 32 36 68 91 
20 32 41 65 70 
20 32 41 65 91 
20 32 41 70 91 
20 32 65 70 91 
20 32 68 70 91 
20 33 36 43 44 
20 33 36 43 45 
20 33 36 43 91 
20 33 36 51 91 
20 33 36 57 113 
20 33 36 82 113 
20 33 36 83 123 
20 33 36 93 123 
20 33 51 70 91 
20 36 51 68 91 
20 36 57 113 205 
20 36 82 113 205 
20 36 83 123 181 
20 36 93 123 181 
20 41 65 70 91 
20 51 68 70 91 
23 24 87 93 95 
23 24 93 95 180 
23 24 93 105 126 
23 24 93 120 180 
24 87 92 93 95 
24 92 93 95 180 
24 92 93 120 180 
24 93 105 126 155 
27 36 51 68 105 
27 36 82 113 208 
27 53 54 55 208 
27 53 54 56 71 
27 53 54 56 84 
27 53 54 84 208 
27 54 55 65 70 
28 30 41 55 65 
28 30 41 55 70 
28 30 41 65 70 
28 30 41 70 141 
28 30 53 56 71 
28 30 55 65 70 
28 36 43 44 95 
28 36 43 44 232 
28 36 43 45 102 
28 36 44 95 180 
28 36 57 88 108 
28 36 57 88 113 
28 36 57 88 205 
28 36 57 113 205 
28 36 82 113 205 
28 36 82 113 208 
28 36 88 93 95 
28 36 88 113 205 
28 36 88 113 208 
28 36 93 95 180 
28 36 93 120 180 
28 41 55 65 70 
28 41 55 65 89 
28 41 55 70 89 
28 41 65 70 89 
28 55 65 70 89 
28 57 88 113 205 
28 88 92 93 95 
28 92 93 95 114 
28 92 93 95 135 
28 92 93 95 180 
28 92 93 120 135 
28 92 93 120 180 
30 41 55 65 70 
30 53 54 56 71 
30 53 54 56 84 
30 54 55 65 70 
32 33 70 91 141 
32 41 55 65 70 
32 41 55 65 89 
32 41 55 65 91 
32 41 55 65 149 
32 41 55 65 193 
32 41 55 70 89 
32 41 55 70 91 
32 41 55 70 149 
32 41 55 70 193 
32 41 65 70 89 
32 41 65 70 91 
32 41 65 70 149 
32 41 65 70 193 
32 41 67 91 141 
32 41 70 91 141 
32 55 65 70 89 
32 55 65 70 91 
32 55 65 70 149 
32 55 65 70 193 
36 57 88 113 205 
37 110 118 136 153 
41 55 65 70 89 
41 55 65 70 91 
41 55 65 70 149 
41 55 65 70 193 
46 47 76 81 166 
47 76 77 168 179 
53 54 56 58 71 
53 54 56 58 84 
53 54 58 84 208 
54 55 65 70 91 
3 32 41 55 65 70 
3 32 41 55 65 89 
3 32 41 55 65 91 
3 32 41 55 70 89 
3 32 41 55 70 91 
3 32 41 65 70 89 
3 32 41 65 70 91 
3 32 55 65 70 89 
3 32 55 65 70 91 
3 41 55 65 70 89 
3 41 55 65 70 91 
7 8 21 105 126 155 
7 8 29 56 58 71 
7 8 29 58 71 149 
7 15 16 36 95 180 
7 15 16 36 120 180 
7 15 16 41 55 122 
7 15 16 41 95 135 
7 15 16 41 95 180 
7 15 28 29 120 135 
7 15 28 29 120 180 
7 15 28 30 41 55 
7 15 28 30 41 95 
7 15 28 36 95 180 
7 15 28 36 120 180 
7 15 28 41 55 122 
7 15 28 41 95 135 
7 15 28 41 95 180 
7 16 41 55 70 149 
7 28 30 41 55 70 
7 28 41 55 70 89 
9 10 30 55 65 70 
9 10 55 65 70 91 
10 15 16 41 55 122 
10 15 16 41 95 135 
10 15 16 41 95 180 
10 15 28 30 41 55 
10 15 28 30 41 95 
10 15 28 41 55 122 
10 15 28 41 95 135 
10 15 28 41 95 180 
10 15 28 88 92 95 
10 15 28 92 95 135 
10 15 28 92 95 180 
10 20 41 65 70 91 
10 28 30 41 55 65 
10 28 30 41 55 70 
10 28 30 41 65 70 
10 28 30 41 70 141 
10 28 30 55 65 70 
10 28 41 55 65 70 
10 28 41 55 65 89 
10 28 41 55 70 89 
10 28 41 65 70 89 
10 28 55 65 70 89 
10 30 41 55 65 70 
10 41 55 65 70 89 
10 41 55 65 70 91 
15 16 36 44 95 180 
15 28 36 44 95 180 
20 32 41 65 70 91 
28 30 41 55 65 70 
28 36 57 88 113 205 
28 41 55 65 70 89 
32 41 55 65 70 89 
32 41 55 65 70 91 
32 41 55 65 70 149 
32 41 55 65 70 193 
3 32 41 55 65 70 89 
3 32 41 55 65 70 91 
10 28 30 41 55 65 70 
10 28 41 55 65 70 89 
